<?xml version="1.0" encoding="UTF-8"?>
<testng-results total="2" passed="2" failed="0" skipped="0">
  <reporter-output>
  </reporter-output>
  <suite started-at="2019-08-13T00:56:16Z" name="TestngSuite" finished-at="2019-08-13T00:56:46Z" duration-ms="30386">
    <groups>
    </groups>
    <test started-at="2019-08-13T00:56:16Z" name="login" finished-at="2019-08-13T00:56:28Z" duration-ms="12273">
      <class name="test.LoginTest">
        <test-method signature="login(java.lang.String, java.lang.String)[pri:0, instance:test.LoginTest@544fa968]" started-at="2019-08-12T18:56:16Z" name="login" finished-at="2019-08-12T18:56:28Z" duration-ms="12259" status="PASS">
          <params>
            <param index="0">
              <value>
                <![CDATA[techfiosdemo@gmail.com]]>
              </value>
            </param>
            <param index="1">
              <value>
                <![CDATA[abc123]]>
              </value>
            </param>
          </params>
          <reporter-output>
          </reporter-output>
        </test-method> <!-- login -->
      </class> <!-- test.LoginTest -->
    </test> <!-- login -->
    <test started-at="2019-08-13T00:56:28Z" name="AddContact" finished-at="2019-08-13T00:56:46Z" duration-ms="18049">
      <class name="test.AddContactTest">
        <test-method signature="AddContact(java.lang.String, java.lang.String, java.lang.String, java.lang.String, java.lang.String, java.lang.String, java.lang.String, java.lang.String, java.lang.String, java.lang.String, java.lang.String)[pri:0, instance:test.AddContactTest@399c4be1]" started-at="2019-08-12T18:56:28Z" name="AddContact" finished-at="2019-08-12T18:56:46Z" duration-ms="18044" status="PASS">
          <params>
            <param index="0">
              <value>
                <![CDATA[techfiosdemo@gmail.com]]>
              </value>
            </param>
            <param index="1">
              <value>
                <![CDATA[abc123]]>
              </value>
            </param>
            <param index="2">
              <value>
                <![CDATA[shweta dahal]]>
              </value>
            </param>
            <param index="3">
              <value>
                <![CDATA[nokia]]>
              </value>
            </param>
            <param index="4">
              <value>
                <![CDATA[techfiosdemo@gmail.com]]>
              </value>
            </param>
            <param index="5">
              <value>
                <![CDATA[2334567889]]>
              </value>
            </param>
            <param index="6">
              <value>
                <![CDATA[carob circle]]>
              </value>
            </param>
            <param index="7">
              <value>
                <![CDATA[denver]]>
              </value>
            </param>
            <param index="8">
              <value>
                <![CDATA[dallas]]>
              </value>
            </param>
            <param index="9">
              <value>
                <![CDATA[11427]]>
              </value>
            </param>
            <param index="10">
              <value>
                <![CDATA[iceland]]>
              </value>
            </param>
          </params>
          <reporter-output>
          </reporter-output>
        </test-method> <!-- AddContact -->
      </class> <!-- test.AddContactTest -->
    </test> <!-- AddContact -->
  </suite> <!-- TestngSuite -->
</testng-results>
